<?xml version="1.0" encoding="UTF-8"?>
<!-- Generated by org.testng.reporters.JUnitReportReporter -->
<testsuite hostname="LAPTOP-U2N6T7R7" failures="0" tests="4" name="org.parameterisation.DataProviders" time="14.207" errors="0" timestamp="03 Apr 2024 07:58:58 GMT" skipped="0">
  <testcase classname="org.parameterisation.DataProviders" name="tc1" time="3.178"/>
  <testcase classname="org.parameterisation.DataProviders" name="tc1" time="3.475"/>
  <testcase classname="org.parameterisation.DataProviders" name="tc1" time="3.233"/>
  <testcase classname="org.parameterisation.DataProviders" name="tc1" time="4.321"/>
</testsuite> <!-- org.parameterisation.DataProviders -->
