<?xml version="1.0" encoding="UTF-8"?>
<!-- Generated by org.testng.reporters.JUnitReportReporter -->
<testsuite hostname="LAPTOP-U2N6T7R7" failures="0" tests="3" name="org.testSample.B" time="0.001" errors="0" timestamp="02 Apr 2024 09:12:19 GMT" skipped="1">
  <testcase classname="org.testSample.B" name="tc11" time="0.000"/>
  <testcase classname="org.testSample.B" name="tc22" time="0.001"/>
  <testcase classname="org.testSample.B" name="tc33">
    <skipped/>
  </testcase> <!-- tc33 -->
</testsuite> <!-- org.testSample.B -->
