<?xml version="1.0" encoding="UTF-8"?>
<!-- Generated by org.testng.reporters.JUnitReportReporter -->
<testsuite hostname="LAPTOP-U2N6T7R7" failures="0" tests="2" name="org.group.A" time="0.016" errors="0" timestamp="04 Apr 2024 10:18:31 GMT" skipped="0">
  <testcase classname="org.group.A" name="tc2" time="0.000"/>
  <testcase classname="org.group.A" name="tc1" time="0.016"/>
</testsuite> <!-- org.group.A -->
