<?xml version="1.0" encoding="UTF-8"?>
<!-- Generated by org.testng.reporters.JUnitReportReporter -->
<testsuite hostname="LAPTOP-U2N6T7R7" failures="0" tests="1" name="org.group.B" time="0.000" errors="0" timestamp="04 Apr 2024 10:18:31 GMT" skipped="0">
  <testcase classname="org.group.B" name="tc11" time="0.000"/>
</testsuite> <!-- org.group.B -->
