<?xml version="1.0" encoding="UTF-8"?>
<!-- Generated by org.testng.reporters.JUnitReportReporter -->
<testsuite hostname="LAPTOP-U2N6T7R7" failures="0" tests="3" name="org.parallelexecution.B" time="0.005" errors="0" timestamp="06 Apr 2024 05:10:27 GMT" skipped="0">
  <testcase classname="org.parallelexecution.B" name="tc33" time="0.001"/>
  <testcase classname="org.parallelexecution.B" name="tc22" time="0.002"/>
  <testcase classname="org.parallelexecution.B" name="tc11" time="0.002"/>
</testsuite> <!-- org.parallelexecution.B -->
