<?xml version="1.0" encoding="UTF-8"?>
<!-- Generated by org.testng.reporters.JUnitReportReporter -->
<testsuite hostname="LAPTOP-U2N6T7R7" failures="0" tests="3" name="org.parallelexecution.C" time="0.023" errors="0" timestamp="06 Apr 2024 05:10:27 GMT" skipped="0">
  <testcase classname="org.parallelexecution.C" name="tc222" time="0.003"/>
  <testcase classname="org.parallelexecution.C" name="tc111" time="0.018"/>
  <testcase classname="org.parallelexecution.C" name="tc333" time="0.002"/>
</testsuite> <!-- org.parallelexecution.C -->
