<?xml version="1.0" encoding="UTF-8"?>
<!-- Generated by org.testng.reporters.JUnitReportReporter -->
<testsuite hostname="LAPTOP-U2N6T7R7" failures="0" tests="2" name="org.parameterisation.Parameter" time="7.581" errors="0" timestamp="03 Apr 2024 08:02:44 GMT" skipped="0">
  <testcase classname="org.parameterisation.Parameter" name="tc2" time="3.276"/>
  <testcase classname="org.parameterisation.Parameter" name="tc1" time="4.305"/>
</testsuite> <!-- org.parameterisation.Parameter -->
