<?xml version="1.0" encoding="UTF-8"?>
<!-- Generated by org.testng.reporters.JUnitReportReporter -->
<testsuite hostname="LAPTOP-U2N6T7R7" failures="0" tests="2" name="org.group.C" time="0.000" errors="0" timestamp="04 Apr 2024 10:18:31 GMT" skipped="0">
  <testcase classname="org.group.C" name="tc111" time="0.000"/>
  <testcase classname="org.group.C" name="tc222" time="0.000"/>
</testsuite> <!-- org.group.C -->
