<?xml version="1.0" encoding="UTF-8"?>
<!-- Generated by org.testng.reporters.JUnitReportReporter -->
<testsuite hostname="LAPTOP-U2N6T7R7" failures="0" tests="7" name="org.testSample.A" time="0.013" errors="0" timestamp="02 Apr 2024 09:12:19 GMT" skipped="0">
  <testcase classname="org.testSample.A" name="tc3" time="0.001"/>
  <testcase classname="org.testSample.A" name="tc3" time="0.001"/>
  <testcase classname="org.testSample.A" name="tc3" time="0.001"/>
  <testcase classname="org.testSample.A" name="tc2" time="0.001"/>
  <testcase classname="org.testSample.A" name="tc3" time="0.000"/>
  <testcase classname="org.testSample.A" name="tc1" time="0.008"/>
  <testcase classname="org.testSample.A" name="tc3" time="0.001"/>
</testsuite> <!-- org.testSample.A -->
